<?xml version="1.0" encoding="UTF-8"?>
<!-- Generated by org.testng.reporters.JUnitReportReporter -->
<testsuite hostname="DESKTOP-VE2MHDE" failures="0" tests="1" name="DemoTest.DemoTest" time="0.000" errors="0" timestamp="2021-10-18T13:25:06 CDT" skipped="1">
  <testcase classname="DemoTest.DemoTest" name="flightTest" time="0.000">
    <skipped/>
  </testcase> <!-- flightTest -->
  <system-out/>
</testsuite> <!-- DemoTest.DemoTest -->
