<?xml version="1.0" encoding="UTF-8"?>
<!-- Generated by org.testng.reporters.JUnitReportReporter -->
<testsuite hostname="DESKTOP-VE2MHDE" failures="0" tests="1" name="SingleResponsibilityPattern.AppTest" time="0.005" errors="0" timestamp="2021-10-18T13:25:06 CDT" skipped="0">
  <testcase classname="SingleResponsibilityPattern.AppTest" name="shouldAnswerWithTrue" time="0.005"/>
  <system-out/>
</testsuite> <!-- SingleResponsibilityPattern.AppTest -->
