<?xml version="1.0" encoding="UTF-8"?>
<!-- Generated by org.testng.reporters.JUnitReportReporter -->
<testsuite hostname="DESKTOP-VE2MHDE" failures="0" tests="2" name="DemoTest.DemoTest" time="20.447" errors="0" timestamp="2021-10-18T10:16:07 CDT" skipped="0">
  <testcase classname="DemoTest.DemoTest" name="flightTest" time="7.460"/>
  <system-out/>
  <testcase classname="DemoTest.DemoTest" name="flightTest" time="12.987"/>
  <system-out/>
</testsuite> <!-- DemoTest.DemoTest -->
